<?xml version="1.0" encoding="UTF-8"?>
<!-- Generated by org.testng.reporters.JUnitReportReporter -->
<testsuite skipped="0" hostname="DESKTOP-QVN8MR5" name="implement.LogIn_Implement" tests="1" failures="0" timestamp="15 Sep 2018 13:40:10 GMT" time="33.846" errors="0">
  <testcase name="open_the_browser" time="33.846" classname="implement.LogIn_Implement"/>
</testsuite> <!-- implement.LogIn_Implement -->
